<?xml version="1.0" encoding="UTF-8"?>
<!-- Generated by org.testng.reporters.JUnitXMLReporter -->
<testsuite ignored="1" hostname="TAH-LAP-JOR101" failures="0" tests="4" name="Default test" time="7.93" errors="0" timestamp="2023-08-20T05:32:46 AST">
  <testcase classname="TestCases.GetTest" name="testGet" time="4.163"/>
  <testcase classname="TestCases.PostTest" name="TestPost" time="1.149"/>
  <testcase classname="TestCases.PostTest" name="TestPost" time="0.364"/>
  <testcase classname="TestCases.PostTest" name="TestPost" time="1.184"/>
  <testcase classname="Request.Base" name="@BeforeTest SetUp" time="0.0">
    <ignored/>
  </testcase> <!-- @BeforeTest SetUp -->
</testsuite> <!-- Default test -->
