<?xml version="1.0" encoding="UTF-8"?>
<testng-results ignored="1" total="5" passed="4" failed="0" skipped="0">
  <reporter-output>
  </reporter-output>
  <suite started-at="2023-08-20T05:32:38 AST" name="Default suite" finished-at="2023-08-20T05:32:46 AST" duration-ms="7930">
    <groups>
    </groups>
    <test started-at="2023-08-20T05:32:38 AST" name="Default test" finished-at="2023-08-20T05:32:46 AST" duration-ms="7930">
      <class name="TestCases.GetTest">
        <test-method is-config="true" signature="SetUp()[pri:0, instance:TestCases.GetTest@3b8f0a79]" started-at="2023-08-20T05:32:38 AST" name="SetUp" finished-at="2023-08-20T05:32:39 AST" duration-ms="822" status="PASS">
          <reporter-output>
          </reporter-output>
        </test-method> <!-- SetUp -->
        <test-method signature="testGet()[pri:0, instance:TestCases.GetTest@3b8f0a79]" started-at="2023-08-20T05:32:39 AST" name="testGet" finished-at="2023-08-20T05:32:43 AST" duration-ms="4163" status="PASS">
          <reporter-output>
          </reporter-output>
        </test-method> <!-- testGet -->
      </class> <!-- TestCases.GetTest -->
      <class name="TestCases.PostTest">
        <test-method signature="TestPost(int,int,int,int,java.lang.String,java.lang.String)[pri:0, instance:TestCases.PostTest@60b4beb4]" started-at="2023-08-20T05:32:44 AST" name="TestPost" data-provider="testData" finished-at="2023-08-20T05:32:45 AST" duration-ms="1149" status="PASS">
          <params>
            <param index="0">
              <value>
                <![CDATA[1]]>
              </value>
            </param>
            <param index="1">
              <value>
                <![CDATA[1]]>
              </value>
            </param>
            <param index="2">
              <value>
                <![CDATA[0]]>
              </value>
            </param>
            <param index="3">
              <value>
                <![CDATA[0]]>
              </value>
            </param>
            <param index="4">
              <value>
                <![CDATA[2023-08-21]]>
              </value>
            </param>
            <param index="5">
              <value>
                <![CDATA[2023-08-31]]>
              </value>
            </param>
          </params>
          <reporter-output>
          </reporter-output>
        </test-method> <!-- TestPost -->
        <test-method signature="TestPost(int,int,int,int,java.lang.String,java.lang.String)[pri:0, instance:TestCases.PostTest@60b4beb4]" started-at="2023-08-20T05:32:45 AST" name="TestPost" data-provider="testData" finished-at="2023-08-20T05:32:45 AST" duration-ms="364" status="PASS">
          <params>
            <param index="0">
              <value>
                <![CDATA[2]]>
              </value>
            </param>
            <param index="1">
              <value>
                <![CDATA[2]]>
              </value>
            </param>
            <param index="2">
              <value>
                <![CDATA[0]]>
              </value>
            </param>
            <param index="3">
              <value>
                <![CDATA[0]]>
              </value>
            </param>
            <param index="4">
              <value>
                <![CDATA[2023-08-17]]>
              </value>
            </param>
            <param index="5">
              <value>
                <![CDATA[2023-08-31]]>
              </value>
            </param>
          </params>
          <reporter-output>
          </reporter-output>
        </test-method> <!-- TestPost -->
        <test-method signature="TestPost(int,int,int,int,java.lang.String,java.lang.String)[pri:0, instance:TestCases.PostTest@60b4beb4]" started-at="2023-08-20T05:32:45 AST" name="TestPost" data-provider="testData" finished-at="2023-08-20T05:32:46 AST" duration-ms="1184" status="PASS">
          <params>
            <param index="0">
              <value>
                <![CDATA[2]]>
              </value>
            </param>
            <param index="1">
              <value>
                <![CDATA[2]]>
              </value>
            </param>
            <param index="2">
              <value>
                <![CDATA[0]]>
              </value>
            </param>
            <param index="3">
              <value>
                <![CDATA[0]]>
              </value>
            </param>
            <param index="4">
              <value>
                <![CDATA[2023-08-31]]>
              </value>
            </param>
            <param index="5">
              <value>
                <![CDATA[2023-08-11]]>
              </value>
            </param>
          </params>
          <reporter-output>
          </reporter-output>
        </test-method> <!-- TestPost -->
      </class> <!-- TestCases.PostTest -->
    </test> <!-- Default test -->
  </suite> <!-- Default suite -->
</testng-results>
